[
  {
    "param": {
      "v": 1,
      "dim": [
        3
      ],
      "data": [
        0.5231149599570413,
        0.5704195644135326,
        0.6332237039178327
      ]
    },
    "minkowski_decomp": [
      5,
      8,
      5,
      4,
      6,
      0,
      2,
      4,
      3,
      3
    ],
    "neighbour_index": 0,
    "polytope_index": 0
  },
  {
    "param": {
      "v": 1,
      "dim": [
        3
      ],
      "data": [
        0.5777233325376563,
        0.659421714639599,
        0.4810392429972378
      ]
    },
    "minkowski_decomp": [
      5,
      8,
      5,
      4,
      7,
      0,
      2,
      4,
      3,
      3
    ],
    "neighbour_index": 0,
    "polytope_index": 0
  },
  {
    "param": {
      "v": 1,
      "dim": [
        3
      ],
      "data": [
        0.5231149599570413,
        0.5704195644135326,
        0.6332237039178327
      ]
    },
    "minkowski_decomp": [
      5,
      8,
      5,
      4,
      6,
      0,
      2,
      4,
      3,
      3
    ],
    "neighbour_index": 0,
    "polytope_index": 0
  },
  {
    "param": {
      "v": 1,
      "dim": [
        3
      ],
      "data": [
        0.5777233325376563,
        0.659421714639599,
        0.4810392429972378
      ]
    },
    "minkowski_decomp": [
      5,
      8,
      5,
      4,
      7,
      0,
      2,
      4,
      3,
      3
    ],
    "neighbour_index": 0,
    "polytope_index": 0
  },
  {
    "param": {
      "v": 1,
      "dim": [
        3
      ],
      "data": [
        0.5231149599570413,
        0.5704195644135326,
        0.6332237039178327
      ]
    },
    "minkowski_decomp": [
      5,
      8,
      5,
      4,
      6,
      0,
      2,
      4,
      3,
      3
    ],
    "neighbour_index": 0,
    "polytope_index": 0
  },
  {
    "param": {
      "v": 1,
      "dim": [
        3
      ],
      "data": [
        0.5777233325376563,
        0.659421714639599,
        0.4810392429972378
      ]
    },
    "minkowski_decomp": [
      5,
      8,
      5,
      4,
      7,
      0,
      2,
      4,
      3,
      3
    ],
    "neighbour_index": 0,
    "polytope_index": 0
  },
  {
    "param": {
      "v": 1,
      "dim": [
        3
      ],
      "data": [
        0.5231149599570413,
        0.5704195644135326,
        0.6332237039178327
      ]
    },
    "minkowski_decomp": [
      5,
      8,
      5,
      4,
      6,
      0,
      2,
      4,
      3,
      3
    ],
    "neighbour_index": 0,
    "polytope_index": 0
  },
  {
    "param": {
      "v": 1,
      "dim": [
        3
      ],
      "data": [
        0.5777233325376563,
        0.659421714639599,
        0.4810392429972378
      ]
    },
    "minkowski_decomp": [
      5,
      8,
      5,
      4,
      7,
      0,
      2,
      4,
      3,
      3
    ],
    "neighbour_index": 0,
    "polytope_index": 0
  },
  {
    "param": {
      "v": 1,
      "dim": [
        3
      ],
      "data": [
        0.5231149599570413,
        0.5704195644135326,
        0.6332237039178327
      ]
    },
    "minkowski_decomp": [
      5,
      8,
      5,
      4,
      6,
      0,
      2,
      4,
      3,
      3
    ],
    "neighbour_index": 0,
    "polytope_index": 0
  },
  {
    "param": {
      "v": 1,
      "dim": [
        3
      ],
      "data": [
        0.5777233325376563,
        0.659421714639599,
        0.4810392429972378
      ]
    },
    "minkowski_decomp": [
      5,
      8,
      5,
      4,
      7,
      0,
      2,
      4,
      3,
      3
    ],
    "neighbour_index": 0,
    "polytope_index": 0
  }
]